<?xml version="1.0" encoding="UTF-8"?>
<!-- Generated by org.testng.reporters.JUnitReportReporter -->
<testsuite skipped="0" hostname="LAPTOP-QSDTITF8" name="testrun.Runner" tests="4" failures="0" timestamp="2021-10-23T20:34:57 NZDT" time="40.366" errors="0">
  <testcase name="runScenario" time="17.190" classname="testrun.Runner"/>
  <testcase name="runScenario" time="16.314" classname="testrun.Runner"/>
  <testcase name="runScenario" time="3.593" classname="testrun.Runner"/>
  <testcase name="runScenario" time="3.269" classname="testrun.Runner"/>
</testsuite> <!-- testrun.Runner -->
